<?xml version="1.0" encoding="UTF-8"?>
<testng-results skipped="0" failed="0" ignored="0" total="1" passed="1">
  <reporter-output>
  </reporter-output>
  <suite name="Default suite" duration-ms="9607" started-at="2021-02-11T01:13:40Z" finished-at="2021-02-11T01:13:50Z">
    <groups>
    </groups>
    <test name="Default test" duration-ms="9607" started-at="2021-02-11T01:13:40Z" finished-at="2021-02-11T01:13:50Z">
      <class name="com.inetbanking.testCases.TC_LoginTest_001">
        <test-method status="PASS" signature="setup()[pri:0, instance:com.inetbanking.testCases.TC_LoginTest_001@2ea227af]" name="setup" is-config="true" duration-ms="4499" started-at="2021-02-11T01:13:40Z" finished-at="2021-02-11T01:13:45Z">
          <reporter-output>
          </reporter-output>
        </test-method> <!-- setup -->
        <test-method status="PASS" signature="loginTest()[pri:0, instance:com.inetbanking.testCases.TC_LoginTest_001@2ea227af]" name="loginTest" duration-ms="4330" started-at="2021-02-11T01:13:45Z" finished-at="2021-02-11T01:13:49Z">
          <reporter-output>
          </reporter-output>
        </test-method> <!-- loginTest -->
        <test-method status="PASS" signature="tearDown()[pri:0, instance:com.inetbanking.testCases.TC_LoginTest_001@2ea227af]" name="tearDown" is-config="true" duration-ms="746" started-at="2021-02-11T01:13:49Z" finished-at="2021-02-11T01:13:50Z">
          <reporter-output>
          </reporter-output>
        </test-method> <!-- tearDown -->
      </class> <!-- com.inetbanking.testCases.TC_LoginTest_001 -->
    </test> <!-- Default test -->
  </suite> <!-- Default suite -->
</testng-results>
